<?xml version="1.0" encoding="UTF-8"?>
<!-- Generated by org.testng.reporters.JUnitReportReporter -->
<testsuite skipped="0" hostname="DESKTOP-UBLEE3N" name="com.selenium.testng.com.selenium.testng.TestFileupload" tests="1" failures="0" timestamp="22 Sep 2019 13:56:04 GMT" time="10.699" errors="0">
  <testcase name="initialization" time="10.699" classname="com.selenium.testng.com.selenium.testng.TestFileupload"/>
</testsuite> <!-- com.selenium.testng.com.selenium.testng.TestFileupload -->
