<?xml version="1.0" encoding="UTF-8"?>
<!-- Generated by org.testng.reporters.JUnitReportReporter -->
<testsuite skipped="0" hostname="DESKTOP-UBLEE3N" name="com.selenium.testng.com.selenium.testng.TestSqldatabase" tests="1" failures="0" timestamp="18 Sep 2019 06:35:10 GMT" time="0.024" errors="0">
  <testcase name="getEmployeesFromDataBase" time="0.024" classname="com.selenium.testng.com.selenium.testng.TestSqldatabase"/>
</testsuite> <!-- com.selenium.testng.com.selenium.testng.TestSqldatabase -->
