<?xml version="1.0" encoding="UTF-8"?>
<!-- Generated by org.testng.reporters.JUnitReportReporter -->
<testsuite skipped="0" hostname="DESKTOP-UBLEE3N" name="com.selenium.testng.com.selenium.testng.SampleTestNG" tests="1" failures="0" timestamp="04 Sep 2019 16:02:27 GMT" time="9.814" errors="0">
  <testcase name="verifyHomepageTitle" time="9.814" classname="com.selenium.testng.com.selenium.testng.SampleTestNG"/>
</testsuite> <!-- com.selenium.testng.com.selenium.testng.SampleTestNG -->
