<?xml version="1.0" encoding="UTF-8"?>
<!-- Generated by org.testng.reporters.JUnitReportReporter -->
<testsuite skipped="0" hostname="DESKTOP-UBLEE3N" name="com.selenium.testng.com.selenium.testng.TestDatabase" tests="1" failures="0" timestamp="16 Sep 2019 03:39:22 GMT" time="11.115" errors="0">
  <testcase name="login" time="11.115" classname="com.selenium.testng.com.selenium.testng.TestDatabase"/>
</testsuite> <!-- com.selenium.testng.com.selenium.testng.TestDatabase -->
