<?xml version="1.0" encoding="UTF-8"?>
<!-- Generated by org.testng.reporters.JUnitReportReporter -->
<testsuite skipped="0" hostname="DESKTOP-UBLEE3N" name="com.selenium.testng.com.selenium.testng.TestFiledownload" tests="1" failures="0" timestamp="22 Sep 2019 12:20:50 GMT" time="29.337" errors="0">
  <testcase name="initialization" time="29.337" classname="com.selenium.testng.com.selenium.testng.TestFiledownload"/>
</testsuite> <!-- com.selenium.testng.com.selenium.testng.TestFiledownload -->
